  BOLL.cpp
C:\programmed-by-MIREA\HomeWork\BOLL\BOLL\BOLL.cpp(10,9): error C2065:  j: необъявленный идентификатор
C:\programmed-by-MIREA\HomeWork\BOLL\BOLL\BOLL.cpp(10,20): error C2065:  a: необъявленный идентификатор
C:\programmed-by-MIREA\HomeWork\BOLL\BOLL\BOLL.cpp(10,22): error C2065:  j: необъявленный идентификатор
C:\programmed-by-MIREA\HomeWork\BOLL\BOLL\BOLL.cpp(10,28): error C2065:  a: необъявленный идентификатор
C:\programmed-by-MIREA\HomeWork\BOLL\BOLL\BOLL.cpp(10,30): error C2065:  j: необъявленный идентификатор
C:\programmed-by-MIREA\HomeWork\BOLL\BOLL\BOLL.cpp(11,3): error C2065:  j: необъявленный идентификатор
C:\programmed-by-MIREA\HomeWork\BOLL\BOLL\BOLL.cpp(12,6): error C2065:  j: необъявленный идентификатор
C:\programmed-by-MIREA\HomeWork\BOLL\BOLL\BOLL.cpp(15,10): error C2065:  n: необъявленный идентификатор
C:\programmed-by-MIREA\HomeWork\BOLL\BOLL\BOLL.cpp(16,9): error C2065:  a: необъявленный идентификатор
C:\programmed-by-MIREA\HomeWork\BOLL\BOLL\BOLL.cpp(16,11): error C2065:  j: необъявленный идентификатор
C:\programmed-by-MIREA\HomeWork\BOLL\BOLL\BOLL.cpp(16,17): error C2065:  a: необъявленный идентификатор
C:\programmed-by-MIREA\HomeWork\BOLL\BOLL\BOLL.cpp(18,7): error C2065:  a: необъявленный идентификатор
C:\programmed-by-MIREA\HomeWork\BOLL\BOLL\BOLL.cpp(18,9): error C2065:  j: необъявленный идентификатор
C:\programmed-by-MIREA\HomeWork\BOLL\BOLL\BOLL.cpp(18,13): error C2065:  a: необъявленный идентификатор
C:\programmed-by-MIREA\HomeWork\BOLL\BOLL\BOLL.cpp(18,17): error C2660:  std::swap: функция не принимает 1 аргументов
C:\Program Files (x86)\Microsoft Visual Studio\2019\Community\VC\Tools\MSVC\14.22.27905\include\exception(277,13): message :   см. объявление "std::swap"
C:\programmed-by-MIREA\HomeWork\BOLL\BOLL\BOLL.cpp(19,10): error C2065:  j: необъявленный идентификатор
C:\programmed-by-MIREA\HomeWork\BOLL\BOLL\BOLL.cpp(19,21): error C2065:  n: необъявленный идентификатор
C:\programmed-by-MIREA\HomeWork\BOLL\BOLL\BOLL.cpp(21,8): error C2065:  a: необъявленный идентификатор
C:\programmed-by-MIREA\HomeWork\BOLL\BOLL\BOLL.cpp(21,16): error C2065:  a: необъявленный идентификатор
C:\programmed-by-MIREA\HomeWork\BOLL\BOLL\BOLL.cpp(21,22): error C2660:  std::swap: функция не принимает 1 аргументов
C:\Program Files (x86)\Microsoft Visual Studio\2019\Community\VC\Tools\MSVC\14.22.27905\include\exception(277,13): message :   см. объявление "std::swap"
C:\programmed-by-MIREA\HomeWork\BOLL\BOLL\BOLL.cpp(24,1): error C2059:  синтаксическая ошибка: }
C:\programmed-by-MIREA\HomeWork\BOLL\BOLL\BOLL.cpp(24,1): error C2143:  синтаксическая ошибка: отсутствие ";" перед "}"
